[30-Apr-2021 06:36:01 UTC] PHP Parse error:  syntax error, unexpected 'greet' (T_STRING) in C:\Users\Lenovo\Local Sites\fictional-university\app\public\wp-content\themes\fictional-university-theme\index.php on line 2
[30-Apr-2021 06:36:41 UTC] PHP Parse error:  syntax error, unexpected 'greet' (T_STRING) in C:\Users\Lenovo\Local Sites\fictional-university\app\public\wp-content\themes\fictional-university-theme\index.php on line 2
[30-Apr-2021 06:39:28 UTC] PHP Parse error:  syntax error, unexpected 'greet' (T_STRING) in C:\Users\Lenovo\Local Sites\fictional-university\app\public\wp-content\themes\fictional-university-theme\index.php on line 2
[30-Apr-2021 06:40:54 UTC] PHP Parse error:  syntax error, unexpected 'greet' (T_STRING) in C:\Users\Lenovo\Local Sites\fictional-university\app\public\wp-content\themes\fictional-university-theme\index.php on line 2
[30-Apr-2021 06:41:24 UTC] PHP Warning:  Use of undefined constant hlloo - assumed 'hlloo' (this will throw an Error in a future version of PHP) in C:\Users\Lenovo\Local Sites\fictional-university\app\public\wp-content\themes\fictional-university-theme\index.php on line 2
[30-Apr-2021 06:41:24 UTC] PHP Stack trace:
[30-Apr-2021 06:41:24 UTC] PHP   1. {main}() C:\Users\Lenovo\Local Sites\fictional-university\app\public\index.php:0
[30-Apr-2021 06:41:24 UTC] PHP   2. require() C:\Users\Lenovo\Local Sites\fictional-university\app\public\index.php:17
[30-Apr-2021 06:41:24 UTC] PHP   3. require_once() C:\Users\Lenovo\Local Sites\fictional-university\app\public\wp-blog-header.php:19
[30-Apr-2021 06:41:24 UTC] PHP   4. include() C:\Users\Lenovo\Local Sites\fictional-university\app\public\wp-includes\template-loader.php:106
[30-Apr-2021 06:43:08 UTC] PHP Parse error:  syntax error, unexpected 'greet' (T_STRING) in C:\Users\Lenovo\Local Sites\fictional-university\app\public\wp-content\themes\fictional-university-theme\index.php on line 2
[30-Apr-2021 06:56:33 UTC] PHP Fatal error:  Uncaught Error: Call to undefined function bloginfo() in C:\Users\Lenovo\Local Sites\fictional-university\app\public\wp-content\themes\fictional-university-theme\index.php:10
Stack trace:
#0 {main}
  thrown in C:\Users\Lenovo\Local Sites\fictional-university\app\public\wp-content\themes\fictional-university-theme\index.php on line 10
[30-Apr-2021 06:57:22 UTC] PHP Fatal error:  Uncaught Error: Call to undefined function bloginfo() in C:\Users\Lenovo\Local Sites\fictional-university\app\public\wp-content\themes\fictional-university-theme\index.php:10
Stack trace:
#0 {main}
  thrown in C:\Users\Lenovo\Local Sites\fictional-university\app\public\wp-content\themes\fictional-university-theme\index.php on line 10
[30-Apr-2021 06:57:25 UTC] PHP Fatal error:  Uncaught Error: Call to undefined function bloginfo() in C:\Users\Lenovo\Local Sites\fictional-university\app\public\wp-content\themes\fictional-university-theme\index.php:10
Stack trace:
#0 {main}
  thrown in C:\Users\Lenovo\Local Sites\fictional-university\app\public\wp-content\themes\fictional-university-theme\index.php on line 10
[30-Apr-2021 06:58:12 UTC] PHP Fatal error:  Uncaught Error: Call to undefined function bloginfo() in C:\Users\Lenovo\Local Sites\fictional-university\app\public\wp-content\themes\fictional-university-theme\index.php:10
Stack trace:
#0 {main}
  thrown in C:\Users\Lenovo\Local Sites\fictional-university\app\public\wp-content\themes\fictional-university-theme\index.php on line 10
[30-Apr-2021 06:58:13 UTC] PHP Fatal error:  Uncaught Error: Call to undefined function bloginfo() in C:\Users\Lenovo\Local Sites\fictional-university\app\public\wp-content\themes\fictional-university-theme\index.php:10
Stack trace:
#0 {main}
  thrown in C:\Users\Lenovo\Local Sites\fictional-university\app\public\wp-content\themes\fictional-university-theme\index.php on line 10
[30-Apr-2021 06:58:14 UTC] PHP Fatal error:  Uncaught Error: Call to undefined function bloginfo() in C:\Users\Lenovo\Local Sites\fictional-university\app\public\wp-content\themes\fictional-university-theme\index.php:10
Stack trace:
#0 {main}
  thrown in C:\Users\Lenovo\Local Sites\fictional-university\app\public\wp-content\themes\fictional-university-theme\index.php on line 10
[30-Apr-2021 06:58:23 UTC] PHP Fatal error:  Uncaught Error: Call to undefined function bloginfo() in C:\Users\Lenovo\Local Sites\fictional-university\app\public\wp-content\themes\fictional-university-theme\index.php:10
Stack trace:
#0 {main}
  thrown in C:\Users\Lenovo\Local Sites\fictional-university\app\public\wp-content\themes\fictional-university-theme\index.php on line 10
[30-Apr-2021 07:12:03 UTC] PHP Parse error:  syntax error, unexpected '}' in C:\Users\Lenovo\Local Sites\fictional-university\app\public\wp-content\themes\fictional-university-theme\index.php on line 10
[30-Apr-2021 07:34:35 UTC] PHP Fatal error:  Uncaught Error: Call to undefined function the_posts() in C:\Users\Lenovo\Local Sites\fictional-university\app\public\wp-content\themes\fictional-university-theme\index.php:4
Stack trace:
#0 C:\Users\Lenovo\Local Sites\fictional-university\app\public\wp-includes\template-loader.php(106): include()
#1 C:\Users\Lenovo\Local Sites\fictional-university\app\public\wp-blog-header.php(19): require_once('C:\\Users\\Lenovo...')
#2 C:\Users\Lenovo\Local Sites\fictional-university\app\public\index.php(17): require('C:\\Users\\Lenovo...')
#3 {main}
  thrown in C:\Users\Lenovo\Local Sites\fictional-university\app\public\wp-content\themes\fictional-university-theme\index.php on line 4
[30-Apr-2021 07:36:49 UTC] PHP Fatal error:  Uncaught Error: Call to undefined function the_posts() in C:\Users\Lenovo\Local Sites\fictional-university\app\public\wp-content\themes\fictional-university-theme\index.php:4
Stack trace:
#0 C:\Users\Lenovo\Local Sites\fictional-university\app\public\wp-includes\template-loader.php(106): include()
#1 C:\Users\Lenovo\Local Sites\fictional-university\app\public\wp-blog-header.php(19): require_once('C:\\Users\\Lenovo...')
#2 C:\Users\Lenovo\Local Sites\fictional-university\app\public\index.php(17): require('C:\\Users\\Lenovo...')
#3 {main}
  thrown in C:\Users\Lenovo\Local Sites\fictional-university\app\public\wp-content\themes\fictional-university-theme\index.php on line 4
[02-May-2021 22:10:08 UTC] PHP Warning:  call_user_func_array() expects parameter 1 to be a valid callback, function 'university_festures' not found or invalid function name in C:\Users\Lenovo\Local Sites\fictional-university\app\public\wp-includes\class-wp-hook.php on line 292
[02-May-2021 22:10:08 UTC] PHP Stack trace:
[02-May-2021 22:10:08 UTC] PHP   1. {main}() C:\Users\Lenovo\Local Sites\fictional-university\app\public\index.php:0
[02-May-2021 22:10:08 UTC] PHP   2. require() C:\Users\Lenovo\Local Sites\fictional-university\app\public\index.php:17
[02-May-2021 22:10:08 UTC] PHP   3. require_once() C:\Users\Lenovo\Local Sites\fictional-university\app\public\wp-blog-header.php:13
[02-May-2021 22:10:08 UTC] PHP   4. require_once() C:\Users\Lenovo\Local Sites\fictional-university\app\public\wp-load.php:37
[02-May-2021 22:10:08 UTC] PHP   5. require_once() C:\Users\Lenovo\Local Sites\fictional-university\app\public\wp-config.php:77
[02-May-2021 22:10:08 UTC] PHP   6. do_action() C:\Users\Lenovo\Local Sites\fictional-university\app\public\wp-settings.php:538
[02-May-2021 22:10:08 UTC] PHP   7. WP_Hook->do_action() C:\Users\Lenovo\Local Sites\fictional-university\app\public\wp-includes\plugin.php:484
[02-May-2021 22:10:08 UTC] PHP   8. WP_Hook->apply_filters() C:\Users\Lenovo\Local Sites\fictional-university\app\public\wp-includes\class-wp-hook.php:316
[02-May-2021 22:10:09 UTC] PHP Warning:  call_user_func_array() expects parameter 1 to be a valid callback, function 'university_festures' not found or invalid function name in C:\Users\Lenovo\Local Sites\fictional-university\app\public\wp-includes\class-wp-hook.php on line 292
[02-May-2021 22:10:09 UTC] PHP Stack trace:
[02-May-2021 22:10:09 UTC] PHP   1. {main}() C:\Users\Lenovo\Local Sites\fictional-university\app\public\wp-cron.php:0
[02-May-2021 22:10:09 UTC] PHP   2. require_once() C:\Users\Lenovo\Local Sites\fictional-university\app\public\wp-cron.php:44
[02-May-2021 22:10:09 UTC] PHP   3. require_once() C:\Users\Lenovo\Local Sites\fictional-university\app\public\wp-load.php:37
[02-May-2021 22:10:09 UTC] PHP   4. require_once() C:\Users\Lenovo\Local Sites\fictional-university\app\public\wp-config.php:77
[02-May-2021 22:10:09 UTC] PHP   5. do_action() C:\Users\Lenovo\Local Sites\fictional-university\app\public\wp-settings.php:538
[02-May-2021 22:10:09 UTC] PHP   6. WP_Hook->do_action() C:\Users\Lenovo\Local Sites\fictional-university\app\public\wp-includes\plugin.php:484
[02-May-2021 22:10:09 UTC] PHP   7. WP_Hook->apply_filters() C:\Users\Lenovo\Local Sites\fictional-university\app\public\wp-includes\class-wp-hook.php:316
[02-May-2021 22:10:11 UTC] PHP Warning:  call_user_func_array() expects parameter 1 to be a valid callback, function 'university_festures' not found or invalid function name in C:\Users\Lenovo\Local Sites\fictional-university\app\public\wp-includes\class-wp-hook.php on line 292
[02-May-2021 22:10:11 UTC] PHP Stack trace:
[02-May-2021 22:10:11 UTC] PHP   1. {main}() C:\Users\Lenovo\Local Sites\fictional-university\app\public\index.php:0
[02-May-2021 22:10:11 UTC] PHP   2. require() C:\Users\Lenovo\Local Sites\fictional-university\app\public\index.php:17
[02-May-2021 22:10:11 UTC] PHP   3. require_once() C:\Users\Lenovo\Local Sites\fictional-university\app\public\wp-blog-header.php:13
[02-May-2021 22:10:11 UTC] PHP   4. require_once() C:\Users\Lenovo\Local Sites\fictional-university\app\public\wp-load.php:37
[02-May-2021 22:10:11 UTC] PHP   5. require_once() C:\Users\Lenovo\Local Sites\fictional-university\app\public\wp-config.php:77
[02-May-2021 22:10:11 UTC] PHP   6. do_action() C:\Users\Lenovo\Local Sites\fictional-university\app\public\wp-settings.php:538
[02-May-2021 22:10:11 UTC] PHP   7. WP_Hook->do_action() C:\Users\Lenovo\Local Sites\fictional-university\app\public\wp-includes\plugin.php:484
[02-May-2021 22:10:11 UTC] PHP   8. WP_Hook->apply_filters() C:\Users\Lenovo\Local Sites\fictional-university\app\public\wp-includes\class-wp-hook.php:316
[03-May-2021 01:43:56 UTC] PHP Fatal error:  Uncaught ArgumentCountError: Too few arguments to function wp_get_post_parent_id(), 0 passed in C:\Users\Lenovo\Local Sites\fictional-university\app\public\wp-content\themes\fictional-university-theme\page.php on line 22 and exactly 1 expected in C:\Users\Lenovo\Local Sites\fictional-university\app\public\wp-includes\post.php:7329
Stack trace:
#0 C:\Users\Lenovo\Local Sites\fictional-university\app\public\wp-content\themes\fictional-university-theme\page.php(22): wp_get_post_parent_id()
#1 C:\Users\Lenovo\Local Sites\fictional-university\app\public\wp-includes\template-loader.php(106): include('C:\\Users\\Lenovo...')
#2 C:\Users\Lenovo\Local Sites\fictional-university\app\public\wp-blog-header.php(19): require_once('C:\\Users\\Lenovo...')
#3 C:\Users\Lenovo\Local Sites\fictional-university\app\public\index.php(17): require('C:\\Users\\Lenovo...')
#4 {main}
  thrown in C:\Users\Lenovo\Local Sites\fictional-university\app\public\wp-includes\post.php on line 7329
[03-May-2021 01:44:33 UTC] PHP Fatal error:  Uncaught ArgumentCountError: Too few arguments to function wp_get_post_parent_id(), 0 passed in C:\Users\Lenovo\Local Sites\fictional-university\app\public\wp-content\themes\fictional-university-theme\page.php on line 22 and exactly 1 expected in C:\Users\Lenovo\Local Sites\fictional-university\app\public\wp-includes\post.php:7329
Stack trace:
#0 C:\Users\Lenovo\Local Sites\fictional-university\app\public\wp-content\themes\fictional-university-theme\page.php(22): wp_get_post_parent_id()
#1 C:\Users\Lenovo\Local Sites\fictional-university\app\public\wp-includes\template-loader.php(106): include('C:\\Users\\Lenovo...')
#2 C:\Users\Lenovo\Local Sites\fictional-university\app\public\wp-blog-header.php(19): require_once('C:\\Users\\Lenovo...')
#3 C:\Users\Lenovo\Local Sites\fictional-university\app\public\index.php(17): require('C:\\Users\\Lenovo...')
#4 {main}
  thrown in C:\Users\Lenovo\Local Sites\fictional-university\app\public\wp-includes\post.php on line 7329
[03-May-2021 02:11:49 UTC] PHP Parse error:  syntax error, unexpected ';', expecting ')' in C:\Users\Lenovo\Local Sites\fictional-university\app\public\wp-content\themes\fictional-university-theme\page.php on line 39
[03-May-2021 08:05:56 UTC] PHP Parse error:  syntax error, unexpected '=>' (T_DOUBLE_ARROW), expecting ')' in C:\Users\Lenovo\Local Sites\fictional-university\app\public\wp-content\themes\fictional-university-theme\header.php on line 24
[03-May-2021 10:34:46 UTC] PHP Fatal error:  Uncaught Error: Call to undefined function the_author_posts_links() in C:\Users\Lenovo\Local Sites\fictional-university\app\public\wp-content\themes\fictional-university-theme\index.php:22
Stack trace:
#0 C:\Users\Lenovo\Local Sites\fictional-university\app\public\wp-includes\template-loader.php(106): include()
#1 C:\Users\Lenovo\Local Sites\fictional-university\app\public\wp-blog-header.php(19): require_once('C:\\Users\\Lenovo...')
#2 C:\Users\Lenovo\Local Sites\fictional-university\app\public\index.php(17): require('C:\\Users\\Lenovo...')
#3 {main}
  thrown in C:\Users\Lenovo\Local Sites\fictional-university\app\public\wp-content\themes\fictional-university-theme\index.php on line 22
[03-May-2021 11:14:12 UTC] PHP Parse error:  syntax error, unexpected 'echo' (T_ECHO) in C:\Users\Lenovo\Local Sites\fictional-university\app\public\wp-content\themes\fictional-university-theme\archive.php on line 12
[03-May-2021 11:14:49 UTC] PHP Parse error:  syntax error, unexpected 'echo' (T_ECHO) in C:\Users\Lenovo\Local Sites\fictional-university\app\public\wp-content\themes\fictional-university-theme\archive.php on line 12
[04-May-2021 01:00:14 UTC] PHP Fatal error:  Uncaught Error: Call to undefined function wp_enqueue_styles() in C:\Users\Lenovo\Local Sites\fictional-university\app\public\wp-content\themes\fictional-university-theme\functions.php:17
Stack trace:
#0 C:\Users\Lenovo\Local Sites\fictional-university\app\public\wp-includes\class-wp-hook.php(292): university_files('')
#1 C:\Users\Lenovo\Local Sites\fictional-university\app\public\wp-includes\class-wp-hook.php(316): WP_Hook->apply_filters(NULL, Array)
#2 C:\Users\Lenovo\Local Sites\fictional-university\app\public\wp-includes\plugin.php(484): WP_Hook->do_action(Array)
#3 C:\Users\Lenovo\Local Sites\fictional-university\app\public\wp-includes\script-loader.php(2027): do_action('wp_enqueue_scri...')
#4 C:\Users\Lenovo\Local Sites\fictional-university\app\public\wp-includes\class-wp-hook.php(292): wp_enqueue_scripts('')
#5 C:\Users\Lenovo\Local Sites\fictional-university\app\public\wp-includes\class-wp-hook.php(316): WP_Hook->apply_filters(NULL, Array)
#6 C:\Users\Lenovo\Local Sites\fictional-university\app\publi in C:\Users\Lenovo\Local Sites\fictional-university\app\public\wp-content\themes\fictional-university-theme\functions.php on line 17
[04-May-2021 08:06:59 UTC] PHP Parse error:  syntax error, unexpected 'public' (T_PUBLIC), expecting ')' in C:\Users\Lenovo\Local Sites\fictional-university\app\public\wp-content\themes\fictional-university-theme\functions.php on line 35
[04-May-2021 08:07:07 UTC] PHP Parse error:  syntax error, unexpected 'public' (T_PUBLIC), expecting ')' in C:\Users\Lenovo\Local Sites\fictional-university\app\public\wp-content\themes\fictional-university-theme\functions.php on line 35
[04-May-2021 08:07:08 UTC] PHP Parse error:  syntax error, unexpected 'public' (T_PUBLIC), expecting ')' in C:\Users\Lenovo\Local Sites\fictional-university\app\public\wp-content\themes\fictional-university-theme\functions.php on line 35
[17-May-2021 15:55:09 UTC] PHP Fatal error:  Uncaught Error: Call to a member function have_posts() on null in C:\Users\Lenovo\Local Sites\fictional-university\app\public\wp-content\themes\fictional-university-theme\front-page.php:24
Stack trace:
#0 C:\Users\Lenovo\Local Sites\fictional-university\app\public\wp-includes\template-loader.php(106): include()
#1 C:\Users\Lenovo\Local Sites\fictional-university\app\public\wp-blog-header.php(19): require_once('C:\\Users\\Lenovo...')
#2 C:\Users\Lenovo\Local Sites\fictional-university\app\public\index.php(17): require('C:\\Users\\Lenovo...')
#3 {main}
  thrown in C:\Users\Lenovo\Local Sites\fictional-university\app\public\wp-content\themes\fictional-university-theme\front-page.php on line 24
[17-May-2021 15:59:34 UTC] PHP Parse error:  syntax error, unexpected '<', expecting end of file in C:\Users\Lenovo\Local Sites\fictional-university\app\public\wp-content\themes\fictional-university-theme\front-page.php on line 25
[17-May-2021 17:53:49 UTC] PHP Parse error:  syntax error, unexpected '=>' (T_DOUBLE_ARROW) in C:\Users\Lenovo\Local Sites\fictional-university\app\public\wp-content\mu-plugins\university-post-types.php on line 5
[17-May-2021 17:53:50 UTC] PHP Parse error:  syntax error, unexpected '=>' (T_DOUBLE_ARROW) in C:\Users\Lenovo\Local Sites\fictional-university\app\public\wp-content\mu-plugins\university-post-types.php on line 5
[17-May-2021 18:43:15 UTC] PHP Parse error:  syntax error, unexpected ';' in C:\Users\Lenovo\Local Sites\fictional-university\app\public\wp-content\themes\fictional-university-theme\front-page.php on line 63
[18-May-2021 15:33:18 UTC] PHP Parse error:  syntax error, unexpected '=>' (T_DOUBLE_ARROW) in C:\Users\Lenovo\Local Sites\fictional-university\app\public\wp-content\themes\fictional-university-theme\header.php on line 18
[18-May-2021 16:06:57 UTC] PHP Parse error:  syntax error, unexpected end of file in C:\Users\Lenovo\Local Sites\fictional-university\app\public\wp-content\themes\fictional-university-theme\single-program.php on line 117
[18-May-2021 16:57:38 UTC] PHP Parse error:  syntax error, unexpected '}', expecting end of file in C:\Users\Lenovo\Local Sites\fictional-university\app\public\wp-content\themes\fictional-university-theme\functions.php on line 34
[18-May-2021 16:57:45 UTC] PHP Parse error:  syntax error, unexpected '}', expecting end of file in C:\Users\Lenovo\Local Sites\fictional-university\app\public\wp-content\themes\fictional-university-theme\functions.php on line 34
[18-May-2021 16:57:47 UTC] PHP Parse error:  syntax error, unexpected '}', expecting end of file in C:\Users\Lenovo\Local Sites\fictional-university\app\public\wp-content\themes\fictional-university-theme\functions.php on line 34
[18-May-2021 16:57:52 UTC] PHP Parse error:  syntax error, unexpected '}', expecting end of file in C:\Users\Lenovo\Local Sites\fictional-university\app\public\wp-content\themes\fictional-university-theme\functions.php on line 34
[18-May-2021 16:57:52 UTC] PHP Parse error:  syntax error, unexpected '}', expecting end of file in C:\Users\Lenovo\Local Sites\fictional-university\app\public\wp-content\themes\fictional-university-theme\functions.php on line 34
[18-May-2021 16:57:52 UTC] PHP Parse error:  syntax error, unexpected '}', expecting end of file in C:\Users\Lenovo\Local Sites\fictional-university\app\public\wp-content\themes\fictional-university-theme\functions.php on line 34
[18-May-2021 16:58:37 UTC] PHP Parse error:  syntax error, unexpected '}', expecting end of file in C:\Users\Lenovo\Local Sites\fictional-university\app\public\wp-content\themes\fictional-university-theme\functions.php on line 34
[18-May-2021 16:58:37 UTC] PHP Parse error:  syntax error, unexpected '}', expecting end of file in C:\Users\Lenovo\Local Sites\fictional-university\app\public\wp-content\themes\fictional-university-theme\functions.php on line 34
[18-May-2021 16:58:37 UTC] PHP Parse error:  syntax error, unexpected '}', expecting end of file in C:\Users\Lenovo\Local Sites\fictional-university\app\public\wp-content\themes\fictional-university-theme\functions.php on line 34
[18-May-2021 16:58:47 UTC] PHP Parse error:  syntax error, unexpected '}', expecting end of file in C:\Users\Lenovo\Local Sites\fictional-university\app\public\wp-content\themes\fictional-university-theme\functions.php on line 34
[18-May-2021 16:59:13 UTC] PHP Parse error:  syntax error, unexpected '}', expecting end of file in C:\Users\Lenovo\Local Sites\fictional-university\app\public\wp-content\themes\fictional-university-theme\functions.php on line 34
[18-May-2021 16:59:13 UTC] PHP Parse error:  syntax error, unexpected '}', expecting end of file in C:\Users\Lenovo\Local Sites\fictional-university\app\public\wp-content\themes\fictional-university-theme\functions.php on line 34
[18-May-2021 16:59:13 UTC] PHP Parse error:  syntax error, unexpected '}', expecting end of file in C:\Users\Lenovo\Local Sites\fictional-university\app\public\wp-content\themes\fictional-university-theme\functions.php on line 34
[18-May-2021 16:59:39 UTC] PHP Parse error:  syntax error, unexpected '}', expecting end of file in C:\Users\Lenovo\Local Sites\fictional-university\app\public\wp-content\themes\fictional-university-theme\functions.php on line 34
[18-May-2021 16:59:47 UTC] PHP Parse error:  syntax error, unexpected '}', expecting end of file in C:\Users\Lenovo\Local Sites\fictional-university\app\public\wp-content\themes\fictional-university-theme\functions.php on line 34
[18-May-2021 16:59:52 UTC] PHP Parse error:  syntax error, unexpected '}', expecting end of file in C:\Users\Lenovo\Local Sites\fictional-university\app\public\wp-content\themes\fictional-university-theme\functions.php on line 34
[18-May-2021 17:00:32 UTC] PHP Parse error:  syntax error, unexpected '}', expecting end of file in C:\Users\Lenovo\Local Sites\fictional-university\app\public\wp-content\themes\fictional-university-theme\functions.php on line 34
[18-May-2021 17:00:32 UTC] PHP Parse error:  syntax error, unexpected '}', expecting end of file in C:\Users\Lenovo\Local Sites\fictional-university\app\public\wp-content\themes\fictional-university-theme\functions.php on line 34
[18-May-2021 17:00:33 UTC] PHP Parse error:  syntax error, unexpected '}', expecting end of file in C:\Users\Lenovo\Local Sites\fictional-university\app\public\wp-content\themes\fictional-university-theme\functions.php on line 34
[18-May-2021 17:00:47 UTC] PHP Parse error:  syntax error, unexpected '}', expecting end of file in C:\Users\Lenovo\Local Sites\fictional-university\app\public\wp-content\themes\fictional-university-theme\functions.php on line 34
[18-May-2021 17:00:53 UTC] PHP Parse error:  syntax error, unexpected '}', expecting end of file in C:\Users\Lenovo\Local Sites\fictional-university\app\public\wp-content\themes\fictional-university-theme\functions.php on line 34
[18-May-2021 17:00:54 UTC] PHP Parse error:  syntax error, unexpected '}', expecting end of file in C:\Users\Lenovo\Local Sites\fictional-university\app\public\wp-content\themes\fictional-university-theme\functions.php on line 34
[18-May-2021 17:06:06 UTC] PHP Parse error:  syntax error, unexpected '=>' (T_DOUBLE_ARROW) in C:\Users\Lenovo\Local Sites\fictional-university\app\public\wp-content\themes\fictional-university-theme\single-professor.php on line 8
[19-May-2021 04:23:04 UTC] PHP Warning:  array_push() expects parameter 1 to be array, null given in C:\Users\Lenovo\Local Sites\fictional-university\app\public\wp-content\themes\fictional-university-theme\inc\search-route.php on line 61
[19-May-2021 04:23:04 UTC] PHP Stack trace:
[19-May-2021 04:23:04 UTC] PHP   1. {main}() C:\Users\Lenovo\Local Sites\fictional-university\app\public\index.php:0
[19-May-2021 04:23:04 UTC] PHP   2. require() C:\Users\Lenovo\Local Sites\fictional-university\app\public\index.php:17
[19-May-2021 04:23:04 UTC] PHP   3. wp() C:\Users\Lenovo\Local Sites\fictional-university\app\public\wp-blog-header.php:16
[19-May-2021 04:23:04 UTC] PHP   4. WP->main() C:\Users\Lenovo\Local Sites\fictional-university\app\public\wp-includes\functions.php:1291
[19-May-2021 04:23:04 UTC] PHP   5. WP->parse_request() C:\Users\Lenovo\Local Sites\fictional-university\app\public\wp-includes\class-wp.php:750
[19-May-2021 04:23:04 UTC] PHP   6. do_action_ref_array() C:\Users\Lenovo\Local Sites\fictional-university\app\public\wp-includes\class-wp.php:388
[19-May-2021 04:23:04 UTC] PHP   7. WP_Hook->do_action() C:\Users\Lenovo\Local Sites\fictional-university\app\public\wp-includes\plugin.php:551
[19-May-2021 04:23:04 UTC] PHP   8. WP_Hook->apply_filters() C:\Users\Lenovo\Local Sites\fictional-university\app\public\wp-includes\class-wp-hook.php:316
[19-May-2021 04:23:04 UTC] PHP   9. rest_api_loaded() C:\Users\Lenovo\Local Sites\fictional-university\app\public\wp-includes\class-wp-hook.php:292
[19-May-2021 04:23:04 UTC] PHP  10. WP_REST_Server->serve_request() C:\Users\Lenovo\Local Sites\fictional-university\app\public\wp-includes\rest-api.php:354
[19-May-2021 04:23:04 UTC] PHP  11. WP_REST_Server->dispatch() C:\Users\Lenovo\Local Sites\fictional-university\app\public\wp-includes\rest-api\class-wp-rest-server.php:412
[19-May-2021 04:23:04 UTC] PHP  12. WP_REST_Server->respond_to_request() C:\Users\Lenovo\Local Sites\fictional-university\app\public\wp-includes\rest-api\class-wp-rest-server.php:985
[19-May-2021 04:23:04 UTC] PHP  13. universitySearchResults() C:\Users\Lenovo\Local Sites\fictional-university\app\public\wp-includes\rest-api\class-wp-rest-server.php:1139
[19-May-2021 04:23:04 UTC] PHP  14. array_push() C:\Users\Lenovo\Local Sites\fictional-university\app\public\wp-content\themes\fictional-university-theme\inc\search-route.php:61
[19-May-2021 04:32:27 UTC] PHP Parse error:  syntax error, unexpected ''compare'' (T_CONSTANT_ENCAPSED_STRING), expecting ')' in C:\Users\Lenovo\Local Sites\fictional-university\app\public\wp-content\themes\fictional-university-theme\inc\search-route.php on line 97
[19-May-2021 04:32:30 UTC] PHP Parse error:  syntax error, unexpected ''compare'' (T_CONSTANT_ENCAPSED_STRING), expecting ')' in C:\Users\Lenovo\Local Sites\fictional-university\app\public\wp-content\themes\fictional-university-theme\inc\search-route.php on line 97
[19-May-2021 04:32:31 UTC] PHP Parse error:  syntax error, unexpected ''compare'' (T_CONSTANT_ENCAPSED_STRING), expecting ')' in C:\Users\Lenovo\Local Sites\fictional-university\app\public\wp-content\themes\fictional-university-theme\inc\search-route.php on line 97
[19-May-2021 10:58:16 UTC] PHP Parse error:  syntax error, unexpected ';', expecting ')' in C:\Users\Lenovo\Local Sites\fictional-university\app\public\wp-content\themes\fictional-university-theme\inc\search-route.php on line 88
[19-May-2021 10:58:29 UTC] PHP Parse error:  syntax error, unexpected ';', expecting ')' in C:\Users\Lenovo\Local Sites\fictional-university\app\public\wp-content\themes\fictional-university-theme\inc\search-route.php on line 88
[19-May-2021 10:58:30 UTC] PHP Parse error:  syntax error, unexpected ';', expecting ')' in C:\Users\Lenovo\Local Sites\fictional-university\app\public\wp-content\themes\fictional-university-theme\inc\search-route.php on line 88
[19-May-2021 10:58:47 UTC] PHP Parse error:  syntax error, unexpected ';', expecting ')' in C:\Users\Lenovo\Local Sites\fictional-university\app\public\wp-content\themes\fictional-university-theme\inc\search-route.php on line 87
[19-May-2021 11:09:51 UTC] PHP Parse error:  syntax error, unexpected end of file in C:\Users\Lenovo\Local Sites\fictional-university\app\public\wp-content\themes\fictional-university-theme\inc\search-route.php on line 113
[19-May-2021 11:10:03 UTC] PHP Parse error:  syntax error, unexpected end of file in C:\Users\Lenovo\Local Sites\fictional-university\app\public\wp-content\themes\fictional-university-theme\inc\search-route.php on line 113
[19-May-2021 11:10:04 UTC] PHP Parse error:  syntax error, unexpected end of file in C:\Users\Lenovo\Local Sites\fictional-university\app\public\wp-content\themes\fictional-university-theme\inc\search-route.php on line 113
[19-May-2021 11:10:17 UTC] PHP Parse error:  syntax error, unexpected end of file in C:\Users\Lenovo\Local Sites\fictional-university\app\public\wp-content\themes\fictional-university-theme\inc\search-route.php on line 113
[19-May-2021 13:07:08 UTC] PHP Parse error:  syntax error, unexpected 'add_action' (T_STRING) in C:\Users\Lenovo\Local Sites\fictional-university\app\public\wp-content\themes\fictional-university-theme\functions.php on line 118
[19-May-2021 13:07:43 UTC] PHP Parse error:  syntax error, unexpected 'add_action' (T_STRING) in C:\Users\Lenovo\Local Sites\fictional-university\app\public\wp-content\themes\fictional-university-theme\functions.php on line 118
[19-May-2021 13:08:44 UTC] PHP Parse error:  syntax error, unexpected 'add_action' (T_STRING) in C:\Users\Lenovo\Local Sites\fictional-university\app\public\wp-content\themes\fictional-university-theme\functions.php on line 118
[19-May-2021 13:09:09 UTC] PHP Parse error:  syntax error, unexpected 'add_action' (T_STRING) in C:\Users\Lenovo\Local Sites\fictional-university\app\public\wp-content\themes\fictional-university-theme\functions.php on line 118
[19-May-2021 13:09:45 UTC] PHP Parse error:  syntax error, unexpected 'add_action' (T_STRING) in C:\Users\Lenovo\Local Sites\fictional-university\app\public\wp-content\themes\fictional-university-theme\functions.php on line 118
[19-May-2021 13:09:53 UTC] PHP Parse error:  syntax error, unexpected 'add_action' (T_STRING) in C:\Users\Lenovo\Local Sites\fictional-university\app\public\wp-content\themes\fictional-university-theme\functions.php on line 118
[19-May-2021 13:10:46 UTC] PHP Parse error:  syntax error, unexpected 'add_action' (T_STRING) in C:\Users\Lenovo\Local Sites\fictional-university\app\public\wp-content\themes\fictional-university-theme\functions.php on line 118
[19-May-2021 13:14:08 UTC] PHP Parse error:  syntax error, unexpected 'add_action' (T_STRING) in C:\Users\Lenovo\Local Sites\fictional-university\app\public\wp-content\themes\fictional-university-theme\functions.php on line 117
[19-May-2021 13:14:13 UTC] PHP Parse error:  syntax error, unexpected 'add_action' (T_STRING) in C:\Users\Lenovo\Local Sites\fictional-university\app\public\wp-content\themes\fictional-university-theme\functions.php on line 117
[19-May-2021 13:15:06 UTC] PHP Parse error:  syntax error, unexpected 'add_action' (T_STRING) in C:\Users\Lenovo\Local Sites\fictional-university\app\public\wp-content\themes\fictional-university-theme\functions.php on line 117
[19-May-2021 13:15:12 UTC] PHP Parse error:  syntax error, unexpected 'add_action' (T_STRING) in C:\Users\Lenovo\Local Sites\fictional-university\app\public\wp-content\themes\fictional-university-theme\functions.php on line 117
[19-May-2021 13:15:40 UTC] PHP Parse error:  syntax error, unexpected end of file in C:\Users\Lenovo\Local Sites\fictional-university\app\public\wp-content\themes\fictional-university-theme\functions.php on line 119
[19-May-2021 13:15:49 UTC] PHP Parse error:  syntax error, unexpected end of file in C:\Users\Lenovo\Local Sites\fictional-university\app\public\wp-content\themes\fictional-university-theme\functions.php on line 119
